<?xml version="1.0" encoding="utf-8"?><testsuites name="pytest tests"><testsuite name="pytest" errors="2" failures="0" skipped="0" tests="18" time="8.179" timestamp="2026-04-12T07:22:53.334985+00:00" hostname="agent-env-cc8766ee-cb4e-4a10-8952-5966a533ad8a"><testcase classname="backend.tests.test_auth_features.TestAuth" name="test_register_new_user" time="0.407" /><testcase classname="backend.tests.test_auth_features.TestAuth" name="test_login_admin" time="0.324" /><testcase classname="backend.tests.test_auth_features.TestAuth" name="test_login_invalid_credentials" time="0.129" /><testcase classname="backend.tests.test_auth_features.TestAuth" name="test_auth_me_with_token" time="0.484" /><testcase classname="backend.tests.test_auth_features.TestAuth" name="test_auth_me_no_token" time="0.099" /><testcase classname="backend.tests.test_auth_features.TestAuth" name="test_register_duplicate_user" time="0.469" /><testcase classname="backend.tests.test_auth_features.TestAuth" name="test_register_short_username" time="0.155" /><testcase classname="backend.tests.test_auth_features.TestCommunityPOIs" name="test_create_poi_with_auth" time="0.419" /><testcase classname="backend.tests.test_auth_features.TestCommunityPOIs" name="test_create_poi_anonymous" time="0.101"><error message="failed on setup with &quot;KeyError: 'token'&quot;">backend/tests/test_auth_features.py:79: in setup
    self.token = data["token"]
                 ^^^^^^^^^^^^^
E   KeyError: 'token'</error></testcase><testcase classname="backend.tests.test_auth_features.TestCommunityPOIs" name="test_upvote_poi" time="0.884" /><testcase classname="backend.tests.test_auth_features.TestCommunityPOIs" name="test_upvote_toggle" time="0.115"><error message="failed on setup with &quot;KeyError: 'token'&quot;">backend/tests/test_auth_features.py:79: in setup
    self.token = data["token"]
                 ^^^^^^^^^^^^^
E   KeyError: 'token'</error></testcase><testcase classname="backend.tests.test_auth_features.TestCommunityPOIs" name="test_flag_poi_auto_hide" time="1.522" /><testcase classname="backend.tests.test_auth_features.TestAdminRoutes" name="test_admin_get_pois" time="0.423" /><testcase classname="backend.tests.test_auth_features.TestAdminRoutes" name="test_admin_get_pois_non_admin" time="0.768" /><testcase classname="backend.tests.test_auth_features.TestAdminRoutes" name="test_admin_approve_poi" time="0.539" /><testcase classname="backend.tests.test_auth_features.TestAdminRoutes" name="test_admin_delete_poi" time="0.524" /><testcase classname="backend.tests.test_auth_features.TestLeaderboard" name="test_get_leaderboard" time="0.098" /><testcase classname="backend.tests.test_auth_features.TestLeaderboard" name="test_user_stats" time="0.527" /></testsuite></testsuites>