<?xml version="1.0" encoding="utf-8"?><testsuites name="pytest tests"><testsuite name="pytest" errors="0" failures="0" skipped="0" tests="14" time="3.627" timestamp="2026-04-12T07:06:48.045416+00:00" hostname="agent-env-cc8766ee-cb4e-4a10-8952-5966a533ad8a"><testcase classname="backend.tests.test_new_features.TestNewsEndpoints" name="test_get_news_returns_list" time="0.156" /><testcase classname="backend.tests.test_new_features.TestNewsEndpoints" name="test_get_news_article_structure" time="0.098" /><testcase classname="backend.tests.test_new_features.TestNewsEndpoints" name="test_get_news_with_limit" time="0.099" /><testcase classname="backend.tests.test_new_features.TestNewsEndpoints" name="test_news_status" time="0.101" /><testcase classname="backend.tests.test_new_features.TestNewsEndpoints" name="test_news_refresh" time="1.398" /><testcase classname="backend.tests.test_new_features.TestCommunityPOIs" name="test_get_pois_returns_list" time="0.131" /><testcase classname="backend.tests.test_new_features.TestCommunityPOIs" name="test_create_poi" time="0.117" /><testcase classname="backend.tests.test_new_features.TestCommunityPOIs" name="test_create_and_get_poi_persisted" time="0.352" /><testcase classname="backend.tests.test_new_features.TestCommunityPOIs" name="test_delete_poi" time="0.347" /><testcase classname="backend.tests.test_new_features.TestCommunityPOIs" name="test_delete_nonexistent_poi_returns_404" time="0.103" /><testcase classname="backend.tests.test_new_features.TestCommunityPOIs" name="test_create_poi_minimal" time="0.202" /><testcase classname="backend.tests.test_new_features.TestExistingEndpoints" name="test_root" time="0.139" /><testcase classname="backend.tests.test_new_features.TestExistingEndpoints" name="test_regions" time="0.103" /><testcase classname="backend.tests.test_new_features.TestExistingEndpoints" name="test_locations" time="0.101" /></testsuite></testsuites>