<?xml version="1.0" encoding="utf-8"?><testsuites name="pytest tests"><testsuite name="pytest" errors="0" failures="0" skipped="0" tests="13" time="4.825" timestamp="2026-04-12T07:42:52.239767+00:00" hostname="agent-env-cc8766ee-cb4e-4a10-8952-5966a533ad8a"><testcase classname="backend.tests.test_iteration4.TestModularServer" name="test_root_returns_welcome" time="0.194" /><testcase classname="backend.tests.test_iteration4.TestModularServer" name="test_regions_still_work" time="0.109" /><testcase classname="backend.tests.test_iteration4.TestModularServer" name="test_leaderboard_no_duplicate_key_error" time="0.143" /><testcase classname="backend.tests.test_iteration4.TestModularServer" name="test_news_returns_articles" time="0.099" /><testcase classname="backend.tests.test_iteration4.TestAuthWithEmail" name="test_register_with_email" time="0.381" /><testcase classname="backend.tests.test_iteration4.TestAuthWithEmail" name="test_login_with_registered_user" time="0.320" /><testcase classname="backend.tests.test_iteration4.TestAuthWithEmail" name="test_auth_me_returns_email" time="0.133" /><testcase classname="backend.tests.test_iteration4.TestAuthWithEmail" name="test_admin_login_returns_admin_role" time="0.352" /><testcase classname="backend.tests.test_iteration4.TestUpvoteEmailFiredAndForgot" name="test_setup_users_and_poi" time="1.422" /><testcase classname="backend.tests.test_iteration4.TestUpvoteEmailFiredAndForgot" name="test_upvote_1_non_blocking" time="0.112" /><testcase classname="backend.tests.test_iteration4.TestUpvoteEmailFiredAndForgot" name="test_upvote_2_non_blocking" time="0.169" /><testcase classname="backend.tests.test_iteration4.TestUpvoteEmailFiredAndForgot" name="test_upvote_3_triggers_verified" time="1.207" /><testcase classname="backend.tests.test_iteration4.TestUpvoteEmailFiredAndForgot" name="test_cleanup_poi" time="0.103" /></testsuite></testsuites>