<?xml version="1.0" encoding="utf-8"?><testsuites name="pytest tests"><testsuite name="pytest" errors="0" failures="0" skipped="0" tests="13" time="10.498" timestamp="2026-04-12T06:30:26.242034+00:00" hostname="agent-env-cc8766ee-cb4e-4a10-8952-5966a533ad8a"><testcase classname="backend.tests.test_leonida_api.TestHealthAndRegions" name="test_root" time="0.164" /><testcase classname="backend.tests.test_leonida_api.TestHealthAndRegions" name="test_get_regions_count" time="0.112" /><testcase classname="backend.tests.test_leonida_api.TestHealthAndRegions" name="test_regions_have_required_fields" time="0.149" /><testcase classname="backend.tests.test_leonida_api.TestHealthAndRegions" name="test_region_names" time="0.151" /><testcase classname="backend.tests.test_leonida_api.TestLocations" name="test_get_locations_count" time="0.100" /><testcase classname="backend.tests.test_leonida_api.TestLocations" name="test_locations_have_coords" time="0.102" /><testcase classname="backend.tests.test_leonida_api.TestRoute" name="test_route_vice_to_kalaga" time="0.107" /><testcase classname="backend.tests.test_leonida_api.TestRoute" name="test_route_has_waypoints" time="0.130" /><testcase classname="backend.tests.test_leonida_api.TestRoute" name="test_route_same_start_end" time="0.107" /><testcase classname="backend.tests.test_leonida_api.TestRoute" name="test_route_invalid_location" time="0.097" /><testcase classname="backend.tests.test_leonida_api.TestRoute" name="test_route_steps" time="0.151" /><testcase classname="backend.tests.test_leonida_api.TestChat" name="test_chat_basic_response" time="4.742" /><testcase classname="backend.tests.test_leonida_api.TestChat" name="test_chat_in_character" time="4.254" /></testsuite></testsuites>