<?xml version="1.0" encoding="utf-8"?><testsuites name="pytest tests"><testsuite name="pytest" errors="0" failures="0" skipped="0" tests="11" time="2.365" timestamp="2026-04-12T07:56:16.972983+00:00" hostname="agent-env-cc8766ee-cb4e-4a10-8952-5966a533ad8a"><testcase classname="backend.tests.test_iteration5.TestPreferences" name="test_update_display_name" time="0.847" /><testcase classname="backend.tests.test_iteration5.TestPreferences" name="test_update_email" time="0.155" /><testcase classname="backend.tests.test_iteration5.TestPreferences" name="test_email_upvote_pref_false" time="0.136" /><testcase classname="backend.tests.test_iteration5.TestPreferences" name="test_email_verified_pref_false" time="0.096" /><testcase classname="backend.tests.test_iteration5.TestPreferences" name="test_email_pref_re_enable" time="0.108" /><testcase classname="backend.tests.test_iteration5.TestPreferences" name="test_prefs_persisted_in_me" time="0.211" /><testcase classname="backend.tests.test_iteration5.TestPreferences" name="test_unauth_returns_401" time="0.093" /><testcase classname="backend.tests.test_iteration5.TestMyPins" name="test_get_my_pins_authenticated" time="0.131" /><testcase classname="backend.tests.test_iteration5.TestMyPins" name="test_get_my_pins_unauthenticated" time="0.097" /><testcase classname="backend.tests.test_iteration5.TestMyPins" name="test_my_pins_no_id_field" time="0.106" /><testcase classname="backend.tests.test_iteration5.TestMyPins" name="test_my_pins_only_own" time="0.306" /></testsuite></testsuites>