<?xml version="1.0" encoding="utf-8"?><testsuites name="pytest tests"><testsuite name="pytest" errors="0" failures="0" skipped="0" tests="7" time="1.587" timestamp="2026-04-12T08:08:57.361244+00:00" hostname="agent-env-cc8766ee-cb4e-4a10-8952-5966a533ad8a"><testcase classname="backend.tests.test_launch_status.TestLaunchStatus" name="test_get_launch_status_public" time="0.163" /><testcase classname="backend.tests.test_launch_status.TestLaunchStatus" name="test_get_launch_status_fields" time="0.221" /><testcase classname="backend.tests.test_launch_status.TestLaunchStatus" name="test_put_launch_status_requires_auth" time="0.305" /><testcase classname="backend.tests.test_launch_status.TestLaunchStatus" name="test_put_launch_status_as_admin_enable" time="0.462" /><testcase classname="backend.tests.test_launch_status.TestLaunchStatus" name="test_get_launch_status_after_enable" time="0.141" /><testcase classname="backend.tests.test_launch_status.TestLaunchStatus" name="test_put_launch_status_as_admin_disable" time="0.131" /><testcase classname="backend.tests.test_launch_status.TestLaunchStatus" name="test_get_launch_status_after_disable" time="0.095" /></testsuite></testsuites>